label
0100110 00000000
0101101 00000010
0101010 00000000
0100101 00000111
1001101 00000000
1011000 00000000
0101000 00000111
label
1001001 00000010
0100110 00000010
1010001 00000001
1010111 00000000
label
1001011 00000010
1001011 00000011
1001011 00000100
0100101 00000101
1001110 00000000
1010100 00000000
1001001 00000110
1001110 00000001
1010100 00000000
0000011 00000100
0101000 00000110
1001110 00000010
1010100 00000000
0000011 00001000
0101000 00000110
1001110 00000011
1010100 00000000
0000011 00010000
0101000 00000110
1001110 00000100
1010100 00000000
0000011 00100000
0101000 00000110
1001110 00000101
1010100 00000000
0000011 01000000
0101000 00000110
1001110 00000110
1010100 00000000
0000011 10000000
0101000 00000110
label
0100101 00000110
1010000 00000111
1011001 00000000
1001001 00001000
0100101 00001000
1001110 00000010
1010100 00000000
label
0100110 00000000
0101101 00000010
0101010 00000000
0000000 00000000
0110100 00000110
1010000 00000110
1010100 00000000
0000000 00000000
0100110 00001001
0101101 00000011
0101011 00000000
1001001 00000011
1010011 00000000
label
0000000 00000000
0100110 00001010
0101101 00000100
0101011 00000000
1001001 00000100
label
1001001 00000010
0100101 00000010
1010000 00000001
1010101 00000000
1001011 00000010
label
0100110 00001001
0101101 00000010
0101011 00000000
0100110 00000000
0101101 00000010
0101011 00000000
1001001 00000010
0100101 00000010
1010000 00000011
1010111 00000000
1001011 00000011
label
0100110 00001010
0101101 00000011
0101011 00000000
0100110 00000000
0101101 00000010
0101011 00000000
1001001 00000010
1001001 00000011
0100101 00000011
1010000 00000100
1010111 00000000
1001001 00000101
0100101 00000101
1001110 00001000
1010111 00000000
label
