0000010 00000001
0101100 00000110
0100111 00000110
1010000 00000010
1010100 00000000
0100110 00000000
0101011 00000000
0100110 00000001
0101010 00000000
1001101 00000000
1011001 00000000
1001110 00000000
1010100 00000000
0000010 00000001
0101100 00000000
0100111 00000000
0000010 00000001
0101100 00000001
0100111 00000001
1010011 00000000
0000010 00000001
0101100 00000110
0100111 00000110
1010000 00000010
1010100 00000000
0100110 00000000
0101011 00000000
0100110 00000001
0101010 00000000
1001101 00000000
1011001 00000000
1001110 00000000
1010100 00000000
0000010 00000001
0101100 00000000
0100111 00000000
0000010 00000001
0101100 00000001
0100111 00000001
1010011 00000000
0000010 00000001
0101100 00000110
0100111 00000110
1010000 00000010
1010100 00000000
0100110 00000000
0101011 00000000
0100110 00000001
0101010 00000000
1001101 00000000
1011001 00000000
1001110 00000000
1010100 00000000
0000010 00000001
0101100 00000000
0100111 00000000
0000010 00000001
0101100 00000001
0100111 00000001
1010011 00000000
0000010 00000001
0101100 00000110
0100111 00000110
1010000 00000010
1010100 00000000
0100110 00000000
0101011 00000000
0100110 00000001
0101010 00000000
1001101 00000000
1011001 00000000
1001110 00000000
1010100 00000000
0000010 00000001
0101100 00000000
0100111 00000000
0000010 00000001
0101100 00000001
0100111 00000001
1010011 00000000
0000010 00000001
0101100 00000110
0100111 00000110
1010000 00000010
1010100 00000000
0100110 00000000
0101011 00000000
0100110 00000001
0101010 00000000
1001101 00000000
1011001 00000000
1001110 00000000
1010100 00000000
0000010 00000001
0101100 00000000
0100111 00000000
0000010 00000001
0101100 00000001
0100111 00000001
1010011 00000000
0000010 00000001
0101100 00000110
0100111 00000110
1010000 00000010
1010100 00000000
